<?xml version="1.0" encoding="UTF-8"?>
<!-- Generated by org.testng.reporters.JUnitReportReporter -->
<testsuite skipped="0" hostname="DESKTOP-MO0FC5C" name="AutoITScript" tests="1" failures="0" timestamp="27 May 2019 13:41:23 GMT" time="2.015" errors="0">
  <testcase name="testCaseOne_Test_One" time="2.015" classname="AutoITScript"/>
</testsuite> <!-- AutoITScript -->
