<?xml version="1.0" encoding="UTF-8"?>
<!-- Generated by org.testng.reporters.JUnitReportReporter -->
<testsuite skipped="0" hostname="DESKTOP-MO0FC5C" name="TestImageAddition" tests="1" failures="0" timestamp="27 May 2019 14:25:20 GMT" time="16.498" errors="0">
  <testcase name="Save_Image" time="16.498" classname="TestImageAddition"/>
</testsuite> <!-- TestImageAddition -->
