<?xml version="1.0" encoding="UTF-8"?>
<!-- Generated by org.testng.reporters.JUnitReportReporter -->
<testsuite skipped="0" hostname="DESKTOP-MO0FC5C" name="stagemfc.MahindraDropdownTest2" tests="1" failures="0" timestamp="10 Jan 2019 05:08:15 GMT" time="23.872" errors="0">
  <testcase name="TestCity" time="23.872" classname="stagemfc.MahindraDropdownTest2"/>
</testsuite> <!-- stagemfc.MahindraDropdownTest2 -->
