<?xml version="1.0" encoding="UTF-8"?>
<!-- Generated by org.testng.reporters.JUnitReportReporter -->
<testsuite skipped="0" hostname="DESKTOP-MO0FC5C" name="FindBrokenImages" tests="1" failures="0" timestamp="27 May 2019 10:10:34 GMT" time="0.012" errors="0">
  <testcase name="validateInvalidImages" time="0.012" classname="FindBrokenImages"/>
</testsuite> <!-- FindBrokenImages -->
