<?xml version="1.0" encoding="UTF-8"?>
<!-- Generated by org.testng.reporters.JUnitReportReporter -->
<testsuite skipped="0" hostname="DESKTOP-MO0FC5C" name="HARSHATASKBROKENIMAGE" tests="1" failures="0" timestamp="29 May 2019 07:23:30 GMT" time="16.695" errors="0">
  <testcase name="Save_Image" time="16.695" classname="HARSHATASKBROKENIMAGE"/>
</testsuite> <!-- HARSHATASKBROKENIMAGE -->
