<?xml version="1.0" encoding="UTF-8"?>
<!-- Generated by org.testng.reporters.JUnitXMLReporter -->
<testsuite hostname="DESKTOP-MO0FC5C" ignored="0" name="Test-chrome" tests="1" failures="0" timestamp="29 May 2019 11:41:08 GMT" time="36.601" errors="0">
  <testcase name="Save_Image" time="16.499" classname="Com.Selenium.Prac.HARSHATASKBROKENIMAGE"/>
</testsuite> <!-- Test-chrome -->
