<?xml version="1.0" encoding="UTF-8"?>
<!-- Generated by org.testng.reporters.JUnitXMLReporter -->
<testsuite hostname="DESKTOP-MO0FC5C" ignored="0" name="Test-firefox" tests="1" failures="0" timestamp="29 May 2019 11:41:44 GMT" time="35.894" errors="0">
  <testcase name="Save_Image" time="16.341" classname="Com.Selenium.Prac.HARSHATASKBROKENIMAGE"/>
</testsuite> <!-- Test-firefox -->
